<?xml version="1.0" encoding="UTF-8"?>
<!-- Generated by org.testng.reporters.JUnitReportReporter -->
<testsuite hostname="DESKTOP-3HHPP24" failures="0" tests="1" name="Testpkg.Lumatest" time="34.465" errors="0" timestamp="2024-07-31T13:03:35 IST" skipped="0">
  <testcase classname="Testpkg.Lumatest" name="mainfn" time="34.465"/>
</testsuite> <!-- Testpkg.Lumatest -->
