<?xml version="1.0" encoding="UTF-8"?>
<!-- Generated by org.testng.reporters.JUnitReportReporter -->
<testsuite hostname="DESKTOP-3HHPP24" failures="0" tests="1" name="Testpkg.Testmakyee" time="3.535" errors="0" timestamp="2024-07-30T14:52:30 IST" skipped="0">
  <testcase classname="Testpkg.Testmakyee" name="validmain" time="3.535"/>
</testsuite> <!-- Testpkg.Testmakyee -->
